<?xml version="1.0" encoding="UTF-8"?>
<!-- Generated by org.testng.reporters.JUnitXMLReporter -->
<testsuite ignored="0" hostname="LAPTOP-ML2SKBKT" failures="0" tests="4" name="Default test" time="10.09" errors="0" timestamp="2023-03-21T12:12:15 IST">
  <testcase classname="api.test.UserTests2" name="testPostUser" time="4.047"/>
  <testcase classname="api.test.UserTests2" name="testGetUser" time="1.17"/>
  <testcase classname="api.test.UserTests2" name="testUpdateUserByName" time="2.447"/>
  <testcase classname="api.test.UserTests2" name="testDeleteUserByName" time="1.166"/>
</testsuite> <!-- Default test -->
