<?xml version="1.0" encoding="UTF-8"?>
<testsuite xmlns:xsi="http://www.w3.org/2001/XMLSchema-instance" xsi:noNamespaceSchemaLocation="https://maven.apache.org/surefire/maven-surefire-plugin/xsd/surefire-test-report-3.0.xsd" version="3.0" name="TestSuite" time="28.001" tests="14" errors="0" skipped="0" failures="0">
  <properties>
[...]
</properties>
  <testcase name="testPostUser[1010, testuser1, john, canadey, a@gmail.com, test@1, 123456789](1)" classname="api.test.DataDrivenTests" time="4.222">
    <system-out><![CDATA[HTTP/1.1 200 OK
Date: Wed, 22 Mar 2023 14:57:10 GMT
Content-Type: application/json
Transfer-Encoding: chunked
Connection: keep-alive
Access-Control-Allow-Origin: *
Access-Control-Allow-Methods: GET, POST, DELETE, PUT
Access-Control-Allow-Headers: Content-Type, api_key, Authorization
Server: Jetty(9.2.9.v20150224)

{
    "code": 200,
    "type": "unknown",
    "message": "1010"
}
]]></system-out>
    <system-err><![CDATA[SLF4J: Failed to load class "org.slf4j.impl.StaticLoggerBinder".
SLF4J: Defaulting to no-operation (NOP) logger implementation
SLF4J: See http://www.slf4j.org/codes.html#StaticLoggerBinder for further details.
]]></system-err>
  </testcase>
  <testcase name="testPostUser[1020, testuser2, kim, kom, b@gmail.com, test@2, 123454567](2)" classname="api.test.DataDrivenTests" time="1.242">
    <system-out><![CDATA[HTTP/1.1 200 OK
Date: Wed, 22 Mar 2023 14:57:11 GMT
Content-Type: application/json
Transfer-Encoding: chunked
Connection: keep-alive
Access-Control-Allow-Origin: *
Access-Control-Allow-Methods: GET, POST, DELETE, PUT
Access-Control-Allow-Headers: Content-Type, api_key, Authorization
Server: Jetty(9.2.9.v20150224)

{
    "code": 200,
    "type": "unknown",
    "message": "1020"
}
]]></system-out>
  </testcase>
  <testcase name="testPostUser[1030, testuser3, smith, steve, c@gmail.com, test@3, 123454580](3)" classname="api.test.DataDrivenTests" time="1.118">
    <system-out><![CDATA[HTTP/1.1 200 OK
Date: Wed, 22 Mar 2023 14:57:12 GMT
Content-Type: application/json
Transfer-Encoding: chunked
Connection: keep-alive
Access-Control-Allow-Origin: *
Access-Control-Allow-Methods: GET, POST, DELETE, PUT
Access-Control-Allow-Headers: Content-Type, api_key, Authorization
Server: Jetty(9.2.9.v20150224)

{
    "code": 200,
    "type": "unknown",
    "message": "1030"
}
]]></system-out>
  </testcase>
  <testcase name="testDeleteUserByName[testuser1](1)" classname="api.test.DataDrivenTests" time="1.354"/>
  <testcase name="testDeleteUserByName[testuser2](2)" classname="api.test.DataDrivenTests" time="1.17"/>
  <testcase name="testDeleteUserByName[testuser3](3)" classname="api.test.DataDrivenTests" time="1.23"/>
  <testcase name="testPostUser" classname="api.test.UserTests" time="1.227">
    <system-out><![CDATA[HTTP/1.1 200 OK
Date: Wed, 22 Mar 2023 14:57:17 GMT
Content-Type: application/json
Transfer-Encoding: chunked
Connection: keep-alive
Access-Control-Allow-Origin: *
Access-Control-Allow-Methods: GET, POST, DELETE, PUT
Access-Control-Allow-Headers: Content-Type, api_key, Authorization
Server: Jetty(9.2.9.v20150224)

{
    "code": 200,
    "type": "unknown",
    "message": "1849052959"
}
]]></system-out>
  </testcase>
  <testcase name="testGetUser" classname="api.test.UserTests" time="1.261">
    <system-out><![CDATA[HTTP/1.1 200 OK
Date: Wed, 22 Mar 2023 14:57:19 GMT
Content-Type: application/json
Transfer-Encoding: chunked
Connection: keep-alive
Access-Control-Allow-Origin: *
Access-Control-Allow-Methods: GET, POST, DELETE, PUT
Access-Control-Allow-Headers: Content-Type, api_key, Authorization
Server: Jetty(9.2.9.v20150224)

{
    "id": 1849052959,
    "username": "mauricio.emmerich",
    "firstName": "Mario",
    "lastName": "Kulas",
    "email": "leatrice.brown@example.com",
    "password": "9s0g0w8",
    "phone": "473.962.2447",
    "userStatus": 0
}
]]></system-out>
  </testcase>
  <testcase name="testUpdateUserByName" classname="api.test.UserTests" time="2.425">
    <system-out><![CDATA[{
    "code": 200,
    "type": "unknown",
    "message": "1849052959"
}
HTTP/1.1 200 OK
Date: Wed, 22 Mar 2023 14:57:21 GMT
Content-Type: application/json
Transfer-Encoding: chunked
Connection: keep-alive
Access-Control-Allow-Origin: *
Access-Control-Allow-Methods: GET, POST, DELETE, PUT
Access-Control-Allow-Headers: Content-Type, api_key, Authorization
Server: Jetty(9.2.9.v20150224)

{
    "id": 1849052959,
    "username": "mauricio.emmerich",
    "firstName": "Isaias",
    "lastName": "Spinka",
    "email": "gianna.gutkowski@example.com",
    "password": "9s0g0w8",
    "phone": "473.962.2447",
    "userStatus": 0
}
]]></system-out>
  </testcase>
  <testcase name="testDeleteUserByName" classname="api.test.UserTests" time="1.217"/>
  <testcase name="testPostUser" classname="api.test.UserTests2" time="1.329">
    <system-out><![CDATA[HTTP/1.1 200 OK
Date: Wed, 22 Mar 2023 14:57:24 GMT
Content-Type: application/json
Transfer-Encoding: chunked
Connection: keep-alive
Access-Control-Allow-Origin: *
Access-Control-Allow-Methods: GET, POST, DELETE, PUT
Access-Control-Allow-Headers: Content-Type, api_key, Authorization
Server: Jetty(9.2.9.v20150224)

{
    "code": 200,
    "type": "unknown",
    "message": "1360316577"
}
]]></system-out>
  </testcase>
  <testcase name="testGetUser" classname="api.test.UserTests2" time="1.122">
    <system-out><![CDATA[HTTP/1.1 200 OK
Date: Wed, 22 Mar 2023 14:57:25 GMT
Content-Type: application/json
Transfer-Encoding: chunked
Connection: keep-alive
Access-Control-Allow-Origin: *
Access-Control-Allow-Methods: GET, POST, DELETE, PUT
Access-Control-Allow-Headers: Content-Type, api_key, Authorization
Server: Jetty(9.2.9.v20150224)

{
    "id": 1360316577,
    "username": "alvin.weber",
    "firstName": "Kenny",
    "lastName": "Ziemann",
    "email": "henry.gulgowski@example.com",
    "password": "0syme4hfc",
    "phone": "1-991-511-7834",
    "userStatus": 0
}
]]></system-out>
  </testcase>
  <testcase name="testUpdateUserByName" classname="api.test.UserTests2" time="2.407">
    <system-out><![CDATA[{
    "code": 200,
    "type": "unknown",
    "message": "1360316577"
}
HTTP/1.1 200 OK
Date: Wed, 22 Mar 2023 14:57:27 GMT
Content-Type: application/json
Transfer-Encoding: chunked
Connection: keep-alive
Access-Control-Allow-Origin: *
Access-Control-Allow-Methods: GET, POST, DELETE, PUT
Access-Control-Allow-Headers: Content-Type, api_key, Authorization
Server: Jetty(9.2.9.v20150224)

{
    "id": 1360316577,
    "username": "alvin.weber",
    "firstName": "Vivan",
    "lastName": "Robel",
    "email": "cary.schaden@example.com",
    "password": "0syme4hfc",
    "phone": "1-991-511-7834",
    "userStatus": 0
}
]]></system-out>
  </testcase>
  <testcase name="testDeleteUserByName" classname="api.test.UserTests2" time="1.267"/>
</testsuite>