<?xml version="1.0" encoding="UTF-8"?>
<!-- Generated by org.testng.reporters.JUnitXMLReporter -->
<testsuite ignored="0" hostname="LAPTOP-ML2SKBKT" failures="0" tests="14" name="PetTest" time="26.435" errors="0" timestamp="2023-03-22T20:27:25 IST">
  <testcase classname="api.test.DataDrivenTests" name="testPostUser" time="4.21"/>
  <testcase classname="api.test.DataDrivenTests" name="testPostUser" time="1.203"/>
  <testcase classname="api.test.DataDrivenTests" name="testPostUser" time="1.152"/>
  <testcase classname="api.test.DataDrivenTests" name="testDeleteUserByName" time="1.342"/>
  <testcase classname="api.test.DataDrivenTests" name="testDeleteUserByName" time="1.18"/>
  <testcase classname="api.test.DataDrivenTests" name="testDeleteUserByName" time="1.226"/>
  <testcase classname="api.test.UserTests" name="testPostUser" time="1.215"/>
  <testcase classname="api.test.UserTests" name="testGetUser" time="1.263"/>
  <testcase classname="api.test.UserTests" name="testUpdateUserByName" time="2.412"/>
  <testcase classname="api.test.UserTests" name="testDeleteUserByName" time="1.22"/>
  <testcase classname="api.test.UserTests2" name="testPostUser" time="1.327"/>
  <testcase classname="api.test.UserTests2" name="testGetUser" time="1.118"/>
  <testcase classname="api.test.UserTests2" name="testUpdateUserByName" time="2.379"/>
  <testcase classname="api.test.UserTests2" name="testDeleteUserByName" time="1.298"/>
</testsuite> <!-- PetTest -->
