<?xml version="1.0" encoding="UTF-8"?>
<!-- Generated by org.testng.reporters.JUnitXMLReporter -->
<testsuite ignored="0" hostname="LAPTOP-ML2SKBKT" failures="0" tests="14" name="PetTest" time="22.872" errors="0" timestamp="2023-03-21T12:48:15 IST">
  <testcase classname="api.test.DataDrivenTests" name="testPostUser" time="2.739"/>
  <testcase classname="api.test.DataDrivenTests" name="testPostUser" time="1.149"/>
  <testcase classname="api.test.DataDrivenTests" name="testPostUser" time="1.212"/>
  <testcase classname="api.test.DataDrivenTests" name="testDeleteUserByName" time="1.188"/>
  <testcase classname="api.test.DataDrivenTests" name="testDeleteUserByName" time="1.129"/>
  <testcase classname="api.test.DataDrivenTests" name="testDeleteUserByName" time="1.184"/>
  <testcase classname="api.test.UserTests" name="testPostUser" time="1.229"/>
  <testcase classname="api.test.UserTests" name="testGetUser" time="1.118"/>
  <testcase classname="api.test.UserTests" name="testUpdateUserByName" time="2.317"/>
  <testcase classname="api.test.UserTests" name="testDeleteUserByName" time="1.133"/>
  <testcase classname="api.test.UserTests2" name="testPostUser" time="1.148"/>
  <testcase classname="api.test.UserTests2" name="testGetUser" time="1.238"/>
  <testcase classname="api.test.UserTests2" name="testUpdateUserByName" time="2.456"/>
  <testcase classname="api.test.UserTests2" name="testDeleteUserByName" time="1.155"/>
</testsuite> <!-- PetTest -->
